[debug] [2021-02-14T18:01:02.252Z] ----------------------------------------------------------------------
[debug] [2021-02-14T18:01:02.252Z] Command:       /Users/mitchellrust/.nvm/versions/node/v15.7.0/bin/node /Users/mitchellrust/.nvm/versions/node/v15.7.0/bin/firebase deploy --only hosting
[debug] [2021-02-14T18:01:02.253Z] CLI Version:   9.3.0
[debug] [2021-02-14T18:01:02.253Z] Platform:      darwin
[debug] [2021-02-14T18:01:02.253Z] Node Version:  v15.7.0
[debug] [2021-02-14T18:01:02.254Z] Time:          Sun Feb 14 2021 11:01:02 GMT-0700 (Mountain Standard Time)
[debug] [2021-02-14T18:01:02.254Z] ----------------------------------------------------------------------
[debug] [2021-02-14T18:01:02.254Z] 
[debug] [2021-02-14T18:01:02.257Z] > command requires scopes: ["email","openid","https://www.googleapis.com/auth/cloudplatformprojects.readonly","https://www.googleapis.com/auth/firebase","https://www.googleapis.com/auth/cloud-platform"]
[debug] [2021-02-14T18:01:02.257Z] > authorizing via signed-in user
[debug] [2021-02-14T18:01:02.257Z] [iam] checking project visit-sandpoint-idaho for permissions ["firebase.projects.get","firebasehosting.sites.update"]
[debug] [2021-02-14T18:01:02.258Z] > refreshing access token with scopes: ["email","https://www.googleapis.com/auth/cloud-platform","https://www.googleapis.com/auth/cloudplatformprojects.readonly","https://www.googleapis.com/auth/firebase","openid"]
[debug] [2021-02-14T18:01:02.258Z] >>> HTTP REQUEST POST https://www.googleapis.com/oauth2/v3/token  
 <request body omitted>
[debug] [2021-02-14T18:01:02.437Z] <<< HTTP RESPONSE 200 {"expires":"Mon, 01 Jan 1990 00:00:00 GMT","cache-control":"no-cache, no-store, max-age=0, must-revalidate","date":"Sun, 14 Feb 2021 18:01:02 GMT","pragma":"no-cache","content-type":"application/json; charset=utf-8","vary":"X-Origin, Referer, Origin,Accept-Encoding","server":"scaffolding on HTTPServer2","x-xss-protection":"0","x-frame-options":"SAMEORIGIN","x-content-type-options":"nosniff","alt-svc":"h3-29=\":443\"; ma=2592000,h3-T051=\":443\"; ma=2592000,h3-Q050=\":443\"; ma=2592000,h3-Q046=\":443\"; ma=2592000,h3-Q043=\":443\"; ma=2592000,quic=\":443\"; ma=2592000; v=\"46,43\"","accept-ranges":"none","transfer-encoding":"chunked"}
[debug] [2021-02-14T18:01:02.461Z] >>> HTTP REQUEST POST https://cloudresourcemanager.googleapis.com/v1/projects/visit-sandpoint-idaho:testIamPermissions  
 {"permissions":["firebase.projects.get","firebasehosting.sites.update"]}
[debug] [2021-02-14T18:01:02.661Z] <<< HTTP RESPONSE 200 {"content-type":"application/json; charset=UTF-8","vary":"X-Origin, Referer, Origin,Accept-Encoding","date":"Sun, 14 Feb 2021 18:01:02 GMT","server":"ESF","cache-control":"private","x-xss-protection":"0","x-frame-options":"SAMEORIGIN","x-content-type-options":"nosniff","server-timing":"gfet4t7; dur=39","alt-svc":"h3-29=\":443\"; ma=2592000,h3-T051=\":443\"; ma=2592000,h3-Q050=\":443\"; ma=2592000,h3-Q046=\":443\"; ma=2592000,h3-Q043=\":443\"; ma=2592000,quic=\":443\"; ma=2592000; v=\"46,43\"","accept-ranges":"none","transfer-encoding":"chunked"}
[debug] [2021-02-14T18:01:02.664Z] > refreshing access token with scopes: []
[debug] [2021-02-14T18:01:02.664Z] >>> HTTP REQUEST POST https://www.googleapis.com/oauth2/v3/token  
 <request body omitted>
[debug] [2021-02-14T18:01:02.816Z] <<< HTTP RESPONSE 200 {"expires":"Mon, 01 Jan 1990 00:00:00 GMT","pragma":"no-cache","cache-control":"no-cache, no-store, max-age=0, must-revalidate","date":"Sun, 14 Feb 2021 18:01:02 GMT","content-type":"application/json; charset=utf-8","vary":"X-Origin, Referer, Origin,Accept-Encoding","server":"scaffolding on HTTPServer2","x-xss-protection":"0","x-frame-options":"SAMEORIGIN","x-content-type-options":"nosniff","alt-svc":"h3-29=\":443\"; ma=2592000,h3-T051=\":443\"; ma=2592000,h3-Q050=\":443\"; ma=2592000,h3-Q046=\":443\"; ma=2592000,h3-Q043=\":443\"; ma=2592000,quic=\":443\"; ma=2592000; v=\"46,43\"","accept-ranges":"none","transfer-encoding":"chunked"}
[debug] [2021-02-14T18:01:02.841Z] >>> [apiv2][query] GET https://firebase.googleapis.com/v1beta1/projects/visit-sandpoint-idaho [none]
[debug] [2021-02-14T18:01:03.072Z] <<< [apiv2][status] GET https://firebase.googleapis.com/v1beta1/projects/visit-sandpoint-idaho 200
